0 info it worked if it ends with ok
1 verbose cli [ 'node',
1 verbose cli   'C:\\Users\\Tina\\AppData\\Roaming\\npm\\node_modules\\npm\\bin\\npm-cli.js',
1 verbose cli   'version',
1 verbose cli   'patch' ]
2 info using npm@3.8.6
3 info using node@v0.10.25
4 info git [ 'status', '--porcelain' ]
5 verbose stack Error: Git working directory not clean.
5 verbose stack M npm-debug.log
5 verbose stack     at C:\Users\Tina\AppData\Roaming\npm\node_modules\npm\lib\version.js:246:19
5 verbose stack     at ChildProcess.exithandler (child_process.js:635:7)
5 verbose stack     at ChildProcess.EventEmitter.emit (events.js:98:17)
5 verbose stack     at maybeClose (child_process.js:743:16)
5 verbose stack     at Socket.<anonymous> (child_process.js:956:11)
5 verbose stack     at Socket.EventEmitter.emit (events.js:95:17)
5 verbose stack     at Pipe.close (net.js:466:12)
6 verbose cwd C:\Users\Tina\Desktop\dev\linkIt\jquery.linkIt
7 error Windows_NT 6.2.9200
8 error argv "node" "C:\\Users\\Tina\\AppData\\Roaming\\npm\\node_modules\\npm\\bin\\npm-cli.js" "version" "patch"
9 error node v0.10.25
10 error npm  v3.8.6
11 error Git working directory not clean.
11 error M npm-debug.log
12 error If you need help, you may report this error at:
12 error     <https://github.com/npm/npm/issues>
13 verbose exit [ 1, true ]
